<?xml version="1.0" encoding="UTF-8"?>
<testsuite xmlns:xsi="http://www.w3.org/2001/XMLSchema-instance" xsi:noNamespaceSchemaLocation="https://maven.apache.org/surefire/maven-surefire-plugin/xsd/surefire-test-report-3.0.xsd" version="3.0" name="com.runner.TestRunner" time="4.815" tests="31" errors="1" skipped="29" failures="1">
  <properties>
    <property name="java.specification.version" value="17"/>
    <property name="sun.jnu.encoding" value="UTF-8"/>
    <property name="java.class.path" value="/Users/mullai/eclipse-workspace/GreatifyWebAutomation/target/test-classes:/Users/mullai/eclipse-workspace/GreatifyWebAutomation/target/classes:/Users/mullai/.m2/repository/io/github/bonigarcia/webdrivermanager/5.6.2/webdrivermanager-5.6.2.jar:/Users/mullai/.m2/repository/org/slf4j/slf4j-api/2.0.9/slf4j-api-2.0.9.jar:/Users/mullai/.m2/repository/com/google/code/gson/gson/2.10.1/gson-2.10.1.jar:/Users/mullai/.m2/repository/com/github/docker-java/docker-java/3.3.4/docker-java-3.3.4.jar:/Users/mullai/.m2/repository/com/github/docker-java/docker-java-core/3.3.4/docker-java-core-3.3.4.jar:/Users/mullai/.m2/repository/com/github/docker-java/docker-java-api/3.3.4/docker-java-api-3.3.4.jar:/Users/mullai/.m2/repository/org/bouncycastle/bcpkix-jdk18on/1.76/bcpkix-jdk18on-1.76.jar:/Users/mullai/.m2/repository/org/bouncycastle/bcprov-jdk18on/1.76/bcprov-jdk18on-1.76.jar:/Users/mullai/.m2/repository/org/bouncycastle/bcutil-jdk18on/1.76/bcutil-jdk18on-1.76.jar:/Users/mullai/.m2/repository/org/slf4j/jcl-over-slf4j/1.7.30/jcl-over-slf4j-1.7.30.jar:/Users/mullai/.m2/repository/com/github/docker-java/docker-java-transport-httpclient5/3.3.4/docker-java-transport-httpclient5-3.3.4.jar:/Users/mullai/.m2/repository/com/github/docker-java/docker-java-transport/3.3.4/docker-java-transport-3.3.4.jar:/Users/mullai/.m2/repository/net/java/dev/jna/jna/5.13.0/jna-5.13.0.jar:/Users/mullai/.m2/repository/org/brotli/dec/0.1.2/dec-0.1.2.jar:/Users/mullai/.m2/repository/org/apache/commons/commons-lang3/3.13.0/commons-lang3-3.13.0.jar:/Users/mullai/.m2/repository/org/apache/commons/commons-compress/1.24.0/commons-compress-1.24.0.jar:/Users/mullai/.m2/repository/org/apache/httpcomponents/client5/httpclient5/5.2.1/httpclient5-5.2.1.jar:/Users/mullai/.m2/repository/org/apache/httpcomponents/core5/httpcore5/5.2/httpcore5-5.2.jar:/Users/mullai/.m2/repository/org/apache/httpcomponents/core5/httpcore5-h2/5.2/httpcore5-h2-5.2.jar:/Users/mullai/.m2/repository/com/squareup/okhttp/okhttp/2.7.5/okhttp-2.7.5.jar:/Users/mullai/.m2/repository/com/squareup/okio/okio/1.6.0/okio-1.6.0.jar:/Users/mullai/.m2/repository/org/apache/commons/commons-csv/1.10.0/commons-csv-1.10.0.jar:/Users/mullai/.m2/repository/com/opencsv/opencsv/5.7.1/opencsv-5.7.1.jar:/Users/mullai/.m2/repository/org/apache/commons/commons-text/1.10.0/commons-text-1.10.0.jar:/Users/mullai/.m2/repository/commons-beanutils/commons-beanutils/1.9.4/commons-beanutils-1.9.4.jar:/Users/mullai/.m2/repository/commons-logging/commons-logging/1.2/commons-logging-1.2.jar:/Users/mullai/.m2/repository/commons-collections/commons-collections/3.2.2/commons-collections-3.2.2.jar:/Users/mullai/.m2/repository/org/apache/commons/commons-collections4/4.4/commons-collections4-4.4.jar:/Users/mullai/.m2/repository/io/cucumber/cucumber-java/7.15.0/cucumber-java-7.15.0.jar:/Users/mullai/.m2/repository/org/apiguardian/apiguardian-api/1.1.2/apiguardian-api-1.1.2.jar:/Users/mullai/.m2/repository/net/masterthought/cucumber-reporting/5.7.7/cucumber-reporting-5.7.7.jar:/Users/mullai/.m2/repository/com/fasterxml/jackson/core/jackson-databind/2.15.2/jackson-databind-2.15.2.jar:/Users/mullai/.m2/repository/com/fasterxml/jackson/core/jackson-annotations/2.15.2/jackson-annotations-2.15.2.jar:/Users/mullai/.m2/repository/com/fasterxml/jackson/core/jackson-core/2.15.2/jackson-core-2.15.2.jar:/Users/mullai/.m2/repository/com/fasterxml/jackson/datatype/jackson-datatype-jsr310/2.15.2/jackson-datatype-jsr310-2.15.2.jar:/Users/mullai/.m2/repository/org/apache/velocity/velocity-engine-core/2.3/velocity-engine-core-2.3.jar:/Users/mullai/.m2/repository/joda-time/joda-time/2.12.5/joda-time-2.12.5.jar:/Users/mullai/.m2/repository/commons-io/commons-io/2.7/commons-io-2.7.jar:/Users/mullai/.m2/repository/org/codehaus/plexus/plexus-utils/3.5.1/plexus-utils-3.5.1.jar:/Users/mullai/.m2/repository/org/jsoup/jsoup/1.16.1/jsoup-1.16.1.jar:/Users/mullai/.m2/repository/com/googlecode/owasp-java-html-sanitizer/owasp-java-html-sanitizer/20220608.1/owasp-java-html-sanitizer-20220608.1.jar:/Users/mullai/.m2/repository/com/google/guava/guava/30.1-jre/guava-30.1-jre.jar:/Users/mullai/.m2/repository/com/google/guava/failureaccess/1.0.1/failureaccess-1.0.1.jar:/Users/mullai/.m2/repository/com/google/guava/listenablefuture/9999.0-empty-to-avoid-conflict-with-guava/listenablefuture-9999.0-empty-to-avoid-conflict-with-guava.jar:/Users/mullai/.m2/repository/com/google/code/findbugs/jsr305/3.0.2/jsr305-3.0.2.jar:/Users/mullai/.m2/repository/org/checkerframework/checker-qual/3.5.0/checker-qual-3.5.0.jar:/Users/mullai/.m2/repository/com/google/errorprone/error_prone_annotations/2.3.4/error_prone_annotations-2.3.4.jar:/Users/mullai/.m2/repository/com/google/j2objc/j2objc-annotations/1.3/j2objc-annotations-1.3.jar:/Users/mullai/.m2/repository/commons-configuration/commons-configuration/1.10/commons-configuration-1.10.jar:/Users/mullai/.m2/repository/commons-lang/commons-lang/2.6/commons-lang-2.6.jar:/Users/mullai/.m2/repository/tech/grasshopper/extentreports-cucumber7-adapter/1.7.0/extentreports-cucumber7-adapter-1.7.0.jar:/Users/mullai/.m2/repository/tech/grasshopper/extent-pdf-report/2.7.0/extent-pdf-report-2.7.0.jar:/Users/mullai/.m2/repository/tech/grasshopper/cucumber-pdf-report/2.10.0/cucumber-pdf-report-2.10.0.jar:/Users/mullai/.m2/repository/org/apache/pdfbox/pdfbox/2.0.26/pdfbox-2.0.26.jar:/Users/mullai/.m2/repository/org/apache/pdfbox/fontbox/2.0.26/fontbox-2.0.26.jar:/Users/mullai/.m2/repository/org/knowm/xchart/xchart/3.8.0/xchart-3.8.0.jar:/Users/mullai/.m2/repository/de/erichseifert/vectorgraphics2d/VectorGraphics2D/0.13/VectorGraphics2D-0.13.jar:/Users/mullai/.m2/repository/de/rototor/pdfbox/graphics2d/0.30/graphics2d-0.30.jar:/Users/mullai/.m2/repository/com/madgag/animated-gif-lib/1.4/animated-gif-lib-1.4.jar:/Users/mullai/.m2/repository/org/yaml/snakeyaml/1.28/snakeyaml-1.28.jar:/Users/mullai/.m2/repository/tech/grasshopper/table-layout/1.5.1/table-layout-1.5.1.jar:/Users/mullai/.m2/repository/tech/grasshopper/rest-assured-cucumber-pdf-report/1.4.1/rest-assured-cucumber-pdf-report-1.4.1.jar:/Users/mullai/.m2/repository/com/aventstack/klov-reporter/5.0.9/klov-reporter-5.0.9.jar:/Users/mullai/.m2/repository/org/mongodb/mongodb-driver/3.6.4/mongodb-driver-3.6.4.jar:/Users/mullai/.m2/repository/org/mongodb/mongodb-driver-core/3.6.4/mongodb-driver-core-3.6.4.jar:/Users/mullai/.m2/repository/org/mongodb/bson/3.6.4/bson-3.6.4.jar:/Users/mullai/.m2/repository/org/apache/httpcomponents/httpclient/4.5.13/httpclient-4.5.13.jar:/Users/mullai/.m2/repository/org/apache/httpcomponents/httpcore/4.4.13/httpcore-4.4.13.jar:/Users/mullai/.m2/repository/org/apache/httpcomponents/httpmime/4.5.13/httpmime-4.5.13.jar:/Users/mullai/.m2/repository/tech/grasshopper/htmlextentreporter/1.0.1/htmlextentreporter-1.0.1.jar:/Users/mullai/.m2/repository/com/aventstack/extentreports/5.1.1/extentreports-5.1.1.jar:/Users/mullai/.m2/repository/io/reactivex/rxjava3/rxjava/3.1.6/rxjava-3.1.6.jar:/Users/mullai/.m2/repository/org/reactivestreams/reactive-streams/1.0.4/reactive-streams-1.0.4.jar:/Users/mullai/.m2/repository/org/freemarker/freemarker/2.3.32/freemarker-2.3.32.jar:/Users/mullai/.m2/repository/org/projectlombok/lombok/1.18.26/lombok-1.18.26.jar:/Users/mullai/.m2/repository/org/apache/poi/poi/5.2.5/poi-5.2.5.jar:/Users/mullai/.m2/repository/commons-codec/commons-codec/1.16.0/commons-codec-1.16.0.jar:/Users/mullai/.m2/repository/org/apache/commons/commons-math3/3.6.1/commons-math3-3.6.1.jar:/Users/mullai/.m2/repository/com/zaxxer/SparseBitSet/1.3/SparseBitSet-1.3.jar:/Users/mullai/.m2/repository/org/apache/logging/log4j/log4j-api/2.21.1/log4j-api-2.21.1.jar:/Users/mullai/.m2/repository/io/cucumber/cucumber-junit/7.15.0/cucumber-junit-7.15.0.jar:/Users/mullai/.m2/repository/junit/junit/4.13.2/junit-4.13.2.jar:/Users/mullai/.m2/repository/org/hamcrest/hamcrest-core/1.3/hamcrest-core-1.3.jar:/Users/mullai/.m2/repository/io/cucumber/cucumber-core/7.15.0/cucumber-core-7.15.0.jar:/Users/mullai/.m2/repository/io/cucumber/cucumber-gherkin/7.15.0/cucumber-gherkin-7.15.0.jar:/Users/mullai/.m2/repository/io/cucumber/cucumber-gherkin-messages/7.15.0/cucumber-gherkin-messages-7.15.0.jar:/Users/mullai/.m2/repository/io/cucumber/messages/22.0.0/messages-22.0.0.jar:/Users/mullai/.m2/repository/io/cucumber/tag-expressions/6.0.0/tag-expressions-6.0.0.jar:/Users/mullai/.m2/repository/io/cucumber/cucumber-expressions/17.0.1/cucumber-expressions-17.0.1.jar:/Users/mullai/.m2/repository/io/cucumber/datatable/7.15.0/datatable-7.15.0.jar:/Users/mullai/.m2/repository/io/cucumber/cucumber-plugin/7.15.0/cucumber-plugin-7.15.0.jar:/Users/mullai/.m2/repository/io/cucumber/docstring/7.15.0/docstring-7.15.0.jar:/Users/mullai/.m2/repository/io/cucumber/html-formatter/20.4.0/html-formatter-20.4.0.jar:/Users/mullai/.m2/repository/io/cucumber/junit-xml-formatter/0.2.0/junit-xml-formatter-0.2.0.jar:/Users/mullai/.m2/repository/io/cucumber/ci-environment/10.0.0/ci-environment-10.0.0.jar:/Users/mullai/.m2/repository/org/seleniumhq/selenium/selenium-java/4.16.1/selenium-java-4.16.1.jar:/Users/mullai/.m2/repository/org/seleniumhq/selenium/selenium-api/4.16.1/selenium-api-4.16.1.jar:/Users/mullai/.m2/repository/org/seleniumhq/selenium/selenium-chrome-driver/4.16.1/selenium-chrome-driver-4.16.1.jar:/Users/mullai/.m2/repository/com/google/auto/service/auto-service-annotations/1.1.1/auto-service-annotations-1.1.1.jar:/Users/mullai/.m2/repository/org/seleniumhq/selenium/selenium-chromium-driver/4.16.1/selenium-chromium-driver-4.16.1.jar:/Users/mullai/.m2/repository/org/seleniumhq/selenium/selenium-json/4.16.1/selenium-json-4.16.1.jar:/Users/mullai/.m2/repository/org/seleniumhq/selenium/selenium-manager/4.16.1/selenium-manager-4.16.1.jar:/Users/mullai/.m2/repository/org/seleniumhq/selenium/selenium-devtools-v118/4.16.1/selenium-devtools-v118-4.16.1.jar:/Users/mullai/.m2/repository/org/seleniumhq/selenium/selenium-devtools-v119/4.16.1/selenium-devtools-v119-4.16.1.jar:/Users/mullai/.m2/repository/org/seleniumhq/selenium/selenium-devtools-v120/4.16.1/selenium-devtools-v120-4.16.1.jar:/Users/mullai/.m2/repository/org/seleniumhq/selenium/selenium-devtools-v85/4.16.1/selenium-devtools-v85-4.16.1.jar:/Users/mullai/.m2/repository/org/seleniumhq/selenium/selenium-edge-driver/4.16.1/selenium-edge-driver-4.16.1.jar:/Users/mullai/.m2/repository/org/seleniumhq/selenium/selenium-firefox-driver/4.16.1/selenium-firefox-driver-4.16.1.jar:/Users/mullai/.m2/repository/org/seleniumhq/selenium/selenium-http/4.16.1/selenium-http-4.16.1.jar:/Users/mullai/.m2/repository/dev/failsafe/failsafe/3.3.2/failsafe-3.3.2.jar:/Users/mullai/.m2/repository/org/seleniumhq/selenium/selenium-ie-driver/4.16.1/selenium-ie-driver-4.16.1.jar:/Users/mullai/.m2/repository/org/seleniumhq/selenium/selenium-remote-driver/4.16.1/selenium-remote-driver-4.16.1.jar:/Users/mullai/.m2/repository/io/opentelemetry/opentelemetry-api/1.28.0/opentelemetry-api-1.28.0.jar:/Users/mullai/.m2/repository/io/opentelemetry/opentelemetry-context/1.28.0/opentelemetry-context-1.28.0.jar:/Users/mullai/.m2/repository/io/opentelemetry/opentelemetry-exporter-logging/1.28.0/opentelemetry-exporter-logging-1.28.0.jar:/Users/mullai/.m2/repository/io/opentelemetry/opentelemetry-sdk-metrics/1.28.0/opentelemetry-sdk-metrics-1.28.0.jar:/Users/mullai/.m2/repository/io/opentelemetry/opentelemetry-extension-incubator/1.28.0-alpha/opentelemetry-extension-incubator-1.28.0-alpha.jar:/Users/mullai/.m2/repository/io/opentelemetry/opentelemetry-sdk-logs/1.28.0/opentelemetry-sdk-logs-1.28.0.jar:/Users/mullai/.m2/repository/io/opentelemetry/opentelemetry-sdk-common/1.28.0/opentelemetry-sdk-common-1.28.0.jar:/Users/mullai/.m2/repository/io/opentelemetry/opentelemetry-sdk-extension-autoconfigure-spi/1.28.0/opentelemetry-sdk-extension-autoconfigure-spi-1.28.0.jar:/Users/mullai/.m2/repository/io/opentelemetry/opentelemetry-sdk-extension-autoconfigure/1.28.0/opentelemetry-sdk-extension-autoconfigure-1.28.0.jar:/Users/mullai/.m2/repository/io/opentelemetry/opentelemetry-api-events/1.28.0-alpha/opentelemetry-api-events-1.28.0-alpha.jar:/Users/mullai/.m2/repository/io/opentelemetry/opentelemetry-sdk-trace/1.28.0/opentelemetry-sdk-trace-1.28.0.jar:/Users/mullai/.m2/repository/io/opentelemetry/opentelemetry-sdk/1.28.0/opentelemetry-sdk-1.28.0.jar:/Users/mullai/.m2/repository/io/opentelemetry/opentelemetry-semconv/1.28.0-alpha/opentelemetry-semconv-1.28.0-alpha.jar:/Users/mullai/.m2/repository/net/bytebuddy/byte-buddy/1.14.5/byte-buddy-1.14.5.jar:/Users/mullai/.m2/repository/org/seleniumhq/selenium/selenium-os/4.16.1/selenium-os-4.16.1.jar:/Users/mullai/.m2/repository/org/apache/commons/commons-exec/1.3/commons-exec-1.3.jar:/Users/mullai/.m2/repository/org/seleniumhq/selenium/selenium-safari-driver/4.16.1/selenium-safari-driver-4.16.1.jar:/Users/mullai/.m2/repository/org/seleniumhq/selenium/selenium-support/4.16.1/selenium-support-4.16.1.jar:/Users/mullai/.m2/repository/org/json/json/20210307/json-20210307.jar:/Users/mullai/.m2/repository/io/qameta/allure/allure-cucumber7-jvm/2.25.0/allure-cucumber7-jvm-2.25.0.jar:/Users/mullai/.m2/repository/io/qameta/allure/allure-java-commons/2.25.0/allure-java-commons-2.25.0.jar:/Users/mullai/.m2/repository/io/qameta/allure/allure-model/2.25.0/allure-model-2.25.0.jar:/Users/mullai/.m2/repository/io/cucumber/gherkin/26.2.0/gherkin-26.2.0.jar:/Users/mullai/.m2/repository/io/qameta/allure/allure-junit-platform/2.25.0/allure-junit-platform-2.25.0.jar:/Users/mullai/.m2/repository/org/junit/jupiter/junit-jupiter-api/5.9.2/junit-jupiter-api-5.9.2.jar:/Users/mullai/.m2/repository/org/opentest4j/opentest4j/1.2.0/opentest4j-1.2.0.jar:/Users/mullai/.m2/repository/org/junit/platform/junit-platform-commons/1.9.2/junit-platform-commons-1.9.2.jar:/Users/mullai/.m2/repository/org/junit/platform/junit-platform-launcher/1.9.2/junit-platform-launcher-1.9.2.jar:/Users/mullai/.m2/repository/org/junit/platform/junit-platform-engine/1.9.2/junit-platform-engine-1.9.2.jar:/Users/mullai/.m2/repository/io/qameta/allure/allure-test-filter/2.25.0/allure-test-filter-2.25.0.jar:/Users/mullai/.m2/repository/com/sun/mail/javax.mail/1.6.2/javax.mail-1.6.2.jar:/Users/mullai/.m2/repository/javax/activation/activation/1.1/activation-1.1.jar:/Users/mullai/.m2/repository/org/apache/commons/commons-email/1.3.1/commons-email-1.3.1.jar:/Users/mullai/.m2/repository/javax/mail/mail/1.4.5/mail-1.4.5.jar:"/>
    <property name="java.vm.vendor" value="Eclipse Adoptium"/>
    <property name="sun.arch.data.model" value="64"/>
    <property name="mail.smtp.ssl.ciphers" value="TLS_ECDHE_RSA_WITH_AES_128_CBC_SHA256"/>
    <property name="java.vendor.url" value="https://adoptium.net/"/>
    <property name="user.timezone" value="Asia/Kolkata"/>
    <property name="os.name" value="Mac OS X"/>
    <property name="java.vm.specification.version" value="17"/>
    <property name="sun.java.launcher" value="SUN_STANDARD"/>
    <property name="user.country" value="IN"/>
    <property name="sun.boot.library.path" value="/Users/mullai/.p2/pool/plugins/org.eclipse.justj.openjdk.hotspot.jre.full.macosx.x86_64_17.0.8.v20230831-1047/jre/lib"/>
    <property name="sun.java.command" value="/Users/mullai/eclipse-workspace/GreatifyWebAutomation/target/surefire/surefirebooter-20240109130442921_3.jar /Users/mullai/eclipse-workspace/GreatifyWebAutomation/target/surefire 2024-01-09T13-04-42_806-jvmRun1 surefire-20240109130442921_1tmp surefire_0-20240109130442921_2tmp"/>
    <property name="http.nonProxyHosts" value="local|*.local|169.254/16|*.169.254/16"/>
    <property name="jdk.debug" value="release"/>
    <property name="surefire.test.class.path" value="/Users/mullai/eclipse-workspace/GreatifyWebAutomation/target/test-classes:/Users/mullai/eclipse-workspace/GreatifyWebAutomation/target/classes:/Users/mullai/.m2/repository/io/github/bonigarcia/webdrivermanager/5.6.2/webdrivermanager-5.6.2.jar:/Users/mullai/.m2/repository/org/slf4j/slf4j-api/2.0.9/slf4j-api-2.0.9.jar:/Users/mullai/.m2/repository/com/google/code/gson/gson/2.10.1/gson-2.10.1.jar:/Users/mullai/.m2/repository/com/github/docker-java/docker-java/3.3.4/docker-java-3.3.4.jar:/Users/mullai/.m2/repository/com/github/docker-java/docker-java-core/3.3.4/docker-java-core-3.3.4.jar:/Users/mullai/.m2/repository/com/github/docker-java/docker-java-api/3.3.4/docker-java-api-3.3.4.jar:/Users/mullai/.m2/repository/org/bouncycastle/bcpkix-jdk18on/1.76/bcpkix-jdk18on-1.76.jar:/Users/mullai/.m2/repository/org/bouncycastle/bcprov-jdk18on/1.76/bcprov-jdk18on-1.76.jar:/Users/mullai/.m2/repository/org/bouncycastle/bcutil-jdk18on/1.76/bcutil-jdk18on-1.76.jar:/Users/mullai/.m2/repository/org/slf4j/jcl-over-slf4j/1.7.30/jcl-over-slf4j-1.7.30.jar:/Users/mullai/.m2/repository/com/github/docker-java/docker-java-transport-httpclient5/3.3.4/docker-java-transport-httpclient5-3.3.4.jar:/Users/mullai/.m2/repository/com/github/docker-java/docker-java-transport/3.3.4/docker-java-transport-3.3.4.jar:/Users/mullai/.m2/repository/net/java/dev/jna/jna/5.13.0/jna-5.13.0.jar:/Users/mullai/.m2/repository/org/brotli/dec/0.1.2/dec-0.1.2.jar:/Users/mullai/.m2/repository/org/apache/commons/commons-lang3/3.13.0/commons-lang3-3.13.0.jar:/Users/mullai/.m2/repository/org/apache/commons/commons-compress/1.24.0/commons-compress-1.24.0.jar:/Users/mullai/.m2/repository/org/apache/httpcomponents/client5/httpclient5/5.2.1/httpclient5-5.2.1.jar:/Users/mullai/.m2/repository/org/apache/httpcomponents/core5/httpcore5/5.2/httpcore5-5.2.jar:/Users/mullai/.m2/repository/org/apache/httpcomponents/core5/httpcore5-h2/5.2/httpcore5-h2-5.2.jar:/Users/mullai/.m2/repository/com/squareup/okhttp/okhttp/2.7.5/okhttp-2.7.5.jar:/Users/mullai/.m2/repository/com/squareup/okio/okio/1.6.0/okio-1.6.0.jar:/Users/mullai/.m2/repository/org/apache/commons/commons-csv/1.10.0/commons-csv-1.10.0.jar:/Users/mullai/.m2/repository/com/opencsv/opencsv/5.7.1/opencsv-5.7.1.jar:/Users/mullai/.m2/repository/org/apache/commons/commons-text/1.10.0/commons-text-1.10.0.jar:/Users/mullai/.m2/repository/commons-beanutils/commons-beanutils/1.9.4/commons-beanutils-1.9.4.jar:/Users/mullai/.m2/repository/commons-logging/commons-logging/1.2/commons-logging-1.2.jar:/Users/mullai/.m2/repository/commons-collections/commons-collections/3.2.2/commons-collections-3.2.2.jar:/Users/mullai/.m2/repository/org/apache/commons/commons-collections4/4.4/commons-collections4-4.4.jar:/Users/mullai/.m2/repository/io/cucumber/cucumber-java/7.15.0/cucumber-java-7.15.0.jar:/Users/mullai/.m2/repository/org/apiguardian/apiguardian-api/1.1.2/apiguardian-api-1.1.2.jar:/Users/mullai/.m2/repository/net/masterthought/cucumber-reporting/5.7.7/cucumber-reporting-5.7.7.jar:/Users/mullai/.m2/repository/com/fasterxml/jackson/core/jackson-databind/2.15.2/jackson-databind-2.15.2.jar:/Users/mullai/.m2/repository/com/fasterxml/jackson/core/jackson-annotations/2.15.2/jackson-annotations-2.15.2.jar:/Users/mullai/.m2/repository/com/fasterxml/jackson/core/jackson-core/2.15.2/jackson-core-2.15.2.jar:/Users/mullai/.m2/repository/com/fasterxml/jackson/datatype/jackson-datatype-jsr310/2.15.2/jackson-datatype-jsr310-2.15.2.jar:/Users/mullai/.m2/repository/org/apache/velocity/velocity-engine-core/2.3/velocity-engine-core-2.3.jar:/Users/mullai/.m2/repository/joda-time/joda-time/2.12.5/joda-time-2.12.5.jar:/Users/mullai/.m2/repository/commons-io/commons-io/2.7/commons-io-2.7.jar:/Users/mullai/.m2/repository/org/codehaus/plexus/plexus-utils/3.5.1/plexus-utils-3.5.1.jar:/Users/mullai/.m2/repository/org/jsoup/jsoup/1.16.1/jsoup-1.16.1.jar:/Users/mullai/.m2/repository/com/googlecode/owasp-java-html-sanitizer/owasp-java-html-sanitizer/20220608.1/owasp-java-html-sanitizer-20220608.1.jar:/Users/mullai/.m2/repository/com/google/guava/guava/30.1-jre/guava-30.1-jre.jar:/Users/mullai/.m2/repository/com/google/guava/failureaccess/1.0.1/failureaccess-1.0.1.jar:/Users/mullai/.m2/repository/com/google/guava/listenablefuture/9999.0-empty-to-avoid-conflict-with-guava/listenablefuture-9999.0-empty-to-avoid-conflict-with-guava.jar:/Users/mullai/.m2/repository/com/google/code/findbugs/jsr305/3.0.2/jsr305-3.0.2.jar:/Users/mullai/.m2/repository/org/checkerframework/checker-qual/3.5.0/checker-qual-3.5.0.jar:/Users/mullai/.m2/repository/com/google/errorprone/error_prone_annotations/2.3.4/error_prone_annotations-2.3.4.jar:/Users/mullai/.m2/repository/com/google/j2objc/j2objc-annotations/1.3/j2objc-annotations-1.3.jar:/Users/mullai/.m2/repository/commons-configuration/commons-configuration/1.10/commons-configuration-1.10.jar:/Users/mullai/.m2/repository/commons-lang/commons-lang/2.6/commons-lang-2.6.jar:/Users/mullai/.m2/repository/tech/grasshopper/extentreports-cucumber7-adapter/1.7.0/extentreports-cucumber7-adapter-1.7.0.jar:/Users/mullai/.m2/repository/tech/grasshopper/extent-pdf-report/2.7.0/extent-pdf-report-2.7.0.jar:/Users/mullai/.m2/repository/tech/grasshopper/cucumber-pdf-report/2.10.0/cucumber-pdf-report-2.10.0.jar:/Users/mullai/.m2/repository/org/apache/pdfbox/pdfbox/2.0.26/pdfbox-2.0.26.jar:/Users/mullai/.m2/repository/org/apache/pdfbox/fontbox/2.0.26/fontbox-2.0.26.jar:/Users/mullai/.m2/repository/org/knowm/xchart/xchart/3.8.0/xchart-3.8.0.jar:/Users/mullai/.m2/repository/de/erichseifert/vectorgraphics2d/VectorGraphics2D/0.13/VectorGraphics2D-0.13.jar:/Users/mullai/.m2/repository/de/rototor/pdfbox/graphics2d/0.30/graphics2d-0.30.jar:/Users/mullai/.m2/repository/com/madgag/animated-gif-lib/1.4/animated-gif-lib-1.4.jar:/Users/mullai/.m2/repository/org/yaml/snakeyaml/1.28/snakeyaml-1.28.jar:/Users/mullai/.m2/repository/tech/grasshopper/table-layout/1.5.1/table-layout-1.5.1.jar:/Users/mullai/.m2/repository/tech/grasshopper/rest-assured-cucumber-pdf-report/1.4.1/rest-assured-cucumber-pdf-report-1.4.1.jar:/Users/mullai/.m2/repository/com/aventstack/klov-reporter/5.0.9/klov-reporter-5.0.9.jar:/Users/mullai/.m2/repository/org/mongodb/mongodb-driver/3.6.4/mongodb-driver-3.6.4.jar:/Users/mullai/.m2/repository/org/mongodb/mongodb-driver-core/3.6.4/mongodb-driver-core-3.6.4.jar:/Users/mullai/.m2/repository/org/mongodb/bson/3.6.4/bson-3.6.4.jar:/Users/mullai/.m2/repository/org/apache/httpcomponents/httpclient/4.5.13/httpclient-4.5.13.jar:/Users/mullai/.m2/repository/org/apache/httpcomponents/httpcore/4.4.13/httpcore-4.4.13.jar:/Users/mullai/.m2/repository/org/apache/httpcomponents/httpmime/4.5.13/httpmime-4.5.13.jar:/Users/mullai/.m2/repository/tech/grasshopper/htmlextentreporter/1.0.1/htmlextentreporter-1.0.1.jar:/Users/mullai/.m2/repository/com/aventstack/extentreports/5.1.1/extentreports-5.1.1.jar:/Users/mullai/.m2/repository/io/reactivex/rxjava3/rxjava/3.1.6/rxjava-3.1.6.jar:/Users/mullai/.m2/repository/org/reactivestreams/reactive-streams/1.0.4/reactive-streams-1.0.4.jar:/Users/mullai/.m2/repository/org/freemarker/freemarker/2.3.32/freemarker-2.3.32.jar:/Users/mullai/.m2/repository/org/projectlombok/lombok/1.18.26/lombok-1.18.26.jar:/Users/mullai/.m2/repository/org/apache/poi/poi/5.2.5/poi-5.2.5.jar:/Users/mullai/.m2/repository/commons-codec/commons-codec/1.16.0/commons-codec-1.16.0.jar:/Users/mullai/.m2/repository/org/apache/commons/commons-math3/3.6.1/commons-math3-3.6.1.jar:/Users/mullai/.m2/repository/com/zaxxer/SparseBitSet/1.3/SparseBitSet-1.3.jar:/Users/mullai/.m2/repository/org/apache/logging/log4j/log4j-api/2.21.1/log4j-api-2.21.1.jar:/Users/mullai/.m2/repository/io/cucumber/cucumber-junit/7.15.0/cucumber-junit-7.15.0.jar:/Users/mullai/.m2/repository/junit/junit/4.13.2/junit-4.13.2.jar:/Users/mullai/.m2/repository/org/hamcrest/hamcrest-core/1.3/hamcrest-core-1.3.jar:/Users/mullai/.m2/repository/io/cucumber/cucumber-core/7.15.0/cucumber-core-7.15.0.jar:/Users/mullai/.m2/repository/io/cucumber/cucumber-gherkin/7.15.0/cucumber-gherkin-7.15.0.jar:/Users/mullai/.m2/repository/io/cucumber/cucumber-gherkin-messages/7.15.0/cucumber-gherkin-messages-7.15.0.jar:/Users/mullai/.m2/repository/io/cucumber/messages/22.0.0/messages-22.0.0.jar:/Users/mullai/.m2/repository/io/cucumber/tag-expressions/6.0.0/tag-expressions-6.0.0.jar:/Users/mullai/.m2/repository/io/cucumber/cucumber-expressions/17.0.1/cucumber-expressions-17.0.1.jar:/Users/mullai/.m2/repository/io/cucumber/datatable/7.15.0/datatable-7.15.0.jar:/Users/mullai/.m2/repository/io/cucumber/cucumber-plugin/7.15.0/cucumber-plugin-7.15.0.jar:/Users/mullai/.m2/repository/io/cucumber/docstring/7.15.0/docstring-7.15.0.jar:/Users/mullai/.m2/repository/io/cucumber/html-formatter/20.4.0/html-formatter-20.4.0.jar:/Users/mullai/.m2/repository/io/cucumber/junit-xml-formatter/0.2.0/junit-xml-formatter-0.2.0.jar:/Users/mullai/.m2/repository/io/cucumber/ci-environment/10.0.0/ci-environment-10.0.0.jar:/Users/mullai/.m2/repository/org/seleniumhq/selenium/selenium-java/4.16.1/selenium-java-4.16.1.jar:/Users/mullai/.m2/repository/org/seleniumhq/selenium/selenium-api/4.16.1/selenium-api-4.16.1.jar:/Users/mullai/.m2/repository/org/seleniumhq/selenium/selenium-chrome-driver/4.16.1/selenium-chrome-driver-4.16.1.jar:/Users/mullai/.m2/repository/com/google/auto/service/auto-service-annotations/1.1.1/auto-service-annotations-1.1.1.jar:/Users/mullai/.m2/repository/org/seleniumhq/selenium/selenium-chromium-driver/4.16.1/selenium-chromium-driver-4.16.1.jar:/Users/mullai/.m2/repository/org/seleniumhq/selenium/selenium-json/4.16.1/selenium-json-4.16.1.jar:/Users/mullai/.m2/repository/org/seleniumhq/selenium/selenium-manager/4.16.1/selenium-manager-4.16.1.jar:/Users/mullai/.m2/repository/org/seleniumhq/selenium/selenium-devtools-v118/4.16.1/selenium-devtools-v118-4.16.1.jar:/Users/mullai/.m2/repository/org/seleniumhq/selenium/selenium-devtools-v119/4.16.1/selenium-devtools-v119-4.16.1.jar:/Users/mullai/.m2/repository/org/seleniumhq/selenium/selenium-devtools-v120/4.16.1/selenium-devtools-v120-4.16.1.jar:/Users/mullai/.m2/repository/org/seleniumhq/selenium/selenium-devtools-v85/4.16.1/selenium-devtools-v85-4.16.1.jar:/Users/mullai/.m2/repository/org/seleniumhq/selenium/selenium-edge-driver/4.16.1/selenium-edge-driver-4.16.1.jar:/Users/mullai/.m2/repository/org/seleniumhq/selenium/selenium-firefox-driver/4.16.1/selenium-firefox-driver-4.16.1.jar:/Users/mullai/.m2/repository/org/seleniumhq/selenium/selenium-http/4.16.1/selenium-http-4.16.1.jar:/Users/mullai/.m2/repository/dev/failsafe/failsafe/3.3.2/failsafe-3.3.2.jar:/Users/mullai/.m2/repository/org/seleniumhq/selenium/selenium-ie-driver/4.16.1/selenium-ie-driver-4.16.1.jar:/Users/mullai/.m2/repository/org/seleniumhq/selenium/selenium-remote-driver/4.16.1/selenium-remote-driver-4.16.1.jar:/Users/mullai/.m2/repository/io/opentelemetry/opentelemetry-api/1.28.0/opentelemetry-api-1.28.0.jar:/Users/mullai/.m2/repository/io/opentelemetry/opentelemetry-context/1.28.0/opentelemetry-context-1.28.0.jar:/Users/mullai/.m2/repository/io/opentelemetry/opentelemetry-exporter-logging/1.28.0/opentelemetry-exporter-logging-1.28.0.jar:/Users/mullai/.m2/repository/io/opentelemetry/opentelemetry-sdk-metrics/1.28.0/opentelemetry-sdk-metrics-1.28.0.jar:/Users/mullai/.m2/repository/io/opentelemetry/opentelemetry-extension-incubator/1.28.0-alpha/opentelemetry-extension-incubator-1.28.0-alpha.jar:/Users/mullai/.m2/repository/io/opentelemetry/opentelemetry-sdk-logs/1.28.0/opentelemetry-sdk-logs-1.28.0.jar:/Users/mullai/.m2/repository/io/opentelemetry/opentelemetry-sdk-common/1.28.0/opentelemetry-sdk-common-1.28.0.jar:/Users/mullai/.m2/repository/io/opentelemetry/opentelemetry-sdk-extension-autoconfigure-spi/1.28.0/opentelemetry-sdk-extension-autoconfigure-spi-1.28.0.jar:/Users/mullai/.m2/repository/io/opentelemetry/opentelemetry-sdk-extension-autoconfigure/1.28.0/opentelemetry-sdk-extension-autoconfigure-1.28.0.jar:/Users/mullai/.m2/repository/io/opentelemetry/opentelemetry-api-events/1.28.0-alpha/opentelemetry-api-events-1.28.0-alpha.jar:/Users/mullai/.m2/repository/io/opentelemetry/opentelemetry-sdk-trace/1.28.0/opentelemetry-sdk-trace-1.28.0.jar:/Users/mullai/.m2/repository/io/opentelemetry/opentelemetry-sdk/1.28.0/opentelemetry-sdk-1.28.0.jar:/Users/mullai/.m2/repository/io/opentelemetry/opentelemetry-semconv/1.28.0-alpha/opentelemetry-semconv-1.28.0-alpha.jar:/Users/mullai/.m2/repository/net/bytebuddy/byte-buddy/1.14.5/byte-buddy-1.14.5.jar:/Users/mullai/.m2/repository/org/seleniumhq/selenium/selenium-os/4.16.1/selenium-os-4.16.1.jar:/Users/mullai/.m2/repository/org/apache/commons/commons-exec/1.3/commons-exec-1.3.jar:/Users/mullai/.m2/repository/org/seleniumhq/selenium/selenium-safari-driver/4.16.1/selenium-safari-driver-4.16.1.jar:/Users/mullai/.m2/repository/org/seleniumhq/selenium/selenium-support/4.16.1/selenium-support-4.16.1.jar:/Users/mullai/.m2/repository/org/json/json/20210307/json-20210307.jar:/Users/mullai/.m2/repository/io/qameta/allure/allure-cucumber7-jvm/2.25.0/allure-cucumber7-jvm-2.25.0.jar:/Users/mullai/.m2/repository/io/qameta/allure/allure-java-commons/2.25.0/allure-java-commons-2.25.0.jar:/Users/mullai/.m2/repository/io/qameta/allure/allure-model/2.25.0/allure-model-2.25.0.jar:/Users/mullai/.m2/repository/io/cucumber/gherkin/26.2.0/gherkin-26.2.0.jar:/Users/mullai/.m2/repository/io/qameta/allure/allure-junit-platform/2.25.0/allure-junit-platform-2.25.0.jar:/Users/mullai/.m2/repository/org/junit/jupiter/junit-jupiter-api/5.9.2/junit-jupiter-api-5.9.2.jar:/Users/mullai/.m2/repository/org/opentest4j/opentest4j/1.2.0/opentest4j-1.2.0.jar:/Users/mullai/.m2/repository/org/junit/platform/junit-platform-commons/1.9.2/junit-platform-commons-1.9.2.jar:/Users/mullai/.m2/repository/org/junit/platform/junit-platform-launcher/1.9.2/junit-platform-launcher-1.9.2.jar:/Users/mullai/.m2/repository/org/junit/platform/junit-platform-engine/1.9.2/junit-platform-engine-1.9.2.jar:/Users/mullai/.m2/repository/io/qameta/allure/allure-test-filter/2.25.0/allure-test-filter-2.25.0.jar:/Users/mullai/.m2/repository/com/sun/mail/javax.mail/1.6.2/javax.mail-1.6.2.jar:/Users/mullai/.m2/repository/javax/activation/activation/1.1/activation-1.1.jar:/Users/mullai/.m2/repository/org/apache/commons/commons-email/1.3.1/commons-email-1.3.1.jar:/Users/mullai/.m2/repository/javax/mail/mail/1.4.5/mail-1.4.5.jar:"/>
    <property name="sun.cpu.endian" value="little"/>
    <property name="user.home" value="/Users/mullai"/>
    <property name="user.language" value="en"/>
    <property name="java.specification.vendor" value="Oracle Corporation"/>
    <property name="java.version.date" value="2023-08-24"/>
    <property name="java.home" value="/Users/mullai/.p2/pool/plugins/org.eclipse.justj.openjdk.hotspot.jre.full.macosx.x86_64_17.0.8.v20230831-1047/jre"/>
    <property name="file.separator" value="/"/>
    <property name="style.color" value="always"/>
    <property name="basedir" value="/Users/mullai/eclipse-workspace/GreatifyWebAutomation"/>
    <property name="java.vm.compressedOopsMode" value="Zero based"/>
    <property name="line.separator" value="&#10;"/>
    <property name="java.vm.specification.vendor" value="Oracle Corporation"/>
    <property name="java.specification.name" value="Java Platform API Specification"/>
    <property name="surefire.real.class.path" value="/Users/mullai/eclipse-workspace/GreatifyWebAutomation/target/surefire/surefirebooter-20240109130442921_3.jar"/>
    <property name="sun.management.compiler" value="HotSpot 64-Bit Tiered Compilers"/>
    <property name="ftp.nonProxyHosts" value="local|*.local|169.254/16|*.169.254/16"/>
    <property name="java.runtime.version" value="17.0.8.1+1"/>
    <property name="user.name" value="mullai"/>
    <property name="path.separator" value=":"/>
    <property name="os.version" value="14.2.1"/>
    <property name="java.runtime.name" value="OpenJDK Runtime Environment"/>
    <property name="file.encoding" value="UTF-8"/>
    <property name="javax.net.debug" value="ssl"/>
    <property name="java.vm.name" value="OpenJDK 64-Bit Server VM"/>
    <property name="java.vendor.version" value="Temurin-17.0.8.1+1"/>
    <property name="localRepository" value="/Users/mullai/.m2/repository"/>
    <property name="java.vendor.url.bug" value="https://github.com/adoptium/adoptium-support/issues"/>
    <property name="java.io.tmpdir" value="/var/folders/53/crfhd_xs5q96gd65741830yr0000gn/T/"/>
    <property name="java.version" value="17.0.8.1"/>
    <property name="user.dir" value="/Users/mullai/eclipse-workspace/GreatifyWebAutomation"/>
    <property name="os.arch" value="x86_64"/>
    <property name="java.vm.specification.name" value="Java Virtual Machine Specification"/>
    <property name="native.encoding" value="UTF-8"/>
    <property name="java.library.path" value="/Users/mullai/Library/Java/Extensions:/Library/Java/Extensions:/Network/Library/Java/Extensions:/System/Library/Java/Extensions:/usr/lib/java:."/>
    <property name="java.vm.info" value="mixed mode"/>
    <property name="java.vendor" value="Eclipse Adoptium"/>
    <property name="java.vm.version" value="17.0.8.1+1"/>
    <property name="https.protocols" value="TLSv1.2,TLSv1.1,TLSv1"/>
    <property name="sun.io.unicode.encoding" value="UnicodeBig"/>
    <property name="socksNonProxyHosts" value="local|*.local|169.254/16|*.169.254/16"/>
    <property name="java.class.version" value="61.0"/>
  </properties>
  <testcase name="the user is logged into the school admin dashboard" classname="Verify Student Information in Dashboards with CSV File" time="0.0">
    <skipped type="io.cucumber.junit.SkippedThrowable"><![CDATA[io.cucumber.junit.SkippedThrowable: This step is skipped
]]></skipped>
    <system-out><![CDATA[
@StudentInformation
Scenario: Verify Student Information in Dashboards with CSV File                               # src/test/resources/Features/TC1_StudentInformation.feature:9
      java.lang.Error: Unresolved compilation problem: 
	Cannot switch on a value of type String for source level below 1.7. Only convertible int values or enum variables are permitted

	at com.base.BaseClass.getDriver(BaseClass.java:366)
	at com.stepdefinition.HooksClass.beforeScenario(HooksClass.java:21)

]]></system-out>
    <system-err><![CDATA[SLF4J: No SLF4J providers were found.
SLF4J: Defaulting to no-operation (NOP) logger implementation
SLF4J: See https://www.slf4j.org/codes.html#noProviders for further details.
]]></system-err>
  </testcase>
  <testcase name="the user is logged into the teacher dashboard" classname="Verify Student Information in Dashboards with CSV File" time="0.0">
    <skipped type="io.cucumber.junit.SkippedThrowable"><![CDATA[io.cucumber.junit.SkippedThrowable: This step is skipped
]]></skipped>
    <system-out><![CDATA[  Given the user is logged into the school admin dashboard                                     # com.stepdefinition.TC1_StudentInformationStep.theUserIsLoggedIntoTheSchoolAdminDashboard()
]]></system-out>
  </testcase>
  <testcase name="the user is logged into the principal dashboard" classname="Verify Student Information in Dashboards with CSV File" time="0.0">
    <skipped type="io.cucumber.junit.SkippedThrowable"><![CDATA[io.cucumber.junit.SkippedThrowable: This step is skipped
]]></skipped>
    <system-out><![CDATA[  And the user is logged into the teacher dashboard                                            # com.stepdefinition.TC1_StudentInformationStep.theUserIsLoggedIntoTheTeacherDashboard()
]]></system-out>
  </testcase>
  <testcase name="the user navigates to the create student profile page in the School Admin Dashboard" classname="Verify Student Information in Dashboards with CSV File" time="0.0">
    <skipped type="io.cucumber.junit.SkippedThrowable"><![CDATA[io.cucumber.junit.SkippedThrowable: This step is skipped
]]></skipped>
    <system-out><![CDATA[  And the user is logged into the principal dashboard                                          # com.stepdefinition.TC1_StudentInformationStep.theUserIsLoggedIntoThePrincipalDashboard()
]]></system-out>
  </testcase>
  <testcase name="the user creates a new student profile in the School Admin Dashboard" classname="Verify Student Information in Dashboards with CSV File" time="0.0">
    <skipped type="io.cucumber.junit.SkippedThrowable"><![CDATA[io.cucumber.junit.SkippedThrowable: This step is skipped
]]></skipped>
    <system-out><![CDATA[  When the user navigates to the create student profile page in the School Admin Dashboard     # com.stepdefinition.TC1_StudentInformationStep.theUserNavigatesToTheCreateStudentProfilePageInTheSchoolAdminDashboard()
]]></system-out>
  </testcase>
  <testcase name="the user navigates to the Student Management of School Admin Dashboard" classname="Verify Student Information in Dashboards with CSV File" time="0.0">
    <skipped type="io.cucumber.junit.SkippedThrowable"><![CDATA[io.cucumber.junit.SkippedThrowable: This step is skipped
]]></skipped>
    <system-out><![CDATA[  And the user creates a new student profile in the School Admin Dashboard                     # com.stepdefinition.TC1_StudentInformationStep.theUserCreatesANewStudentProfileInTheSchoolAdminDashboard()
]]></system-out>
  </testcase>
  <testcase name="the user verifies Student ID with Student Id in the CSV File" classname="Verify Student Information in Dashboards with CSV File" time="0.0">
    <skipped type="io.cucumber.junit.SkippedThrowable"><![CDATA[io.cucumber.junit.SkippedThrowable: This step is skipped
]]></skipped>
    <system-out><![CDATA[  When the user navigates to the Student Management of School Admin Dashboard                  # com.stepdefinition.TC1_StudentInformationStep.theUserNavigatesToTheStudentManagementOfSchoolAdminDashboard()
]]></system-out>
  </testcase>
  <testcase name="the user identifies and records the Student Details in School Admin Dashboard" classname="Verify Student Information in Dashboards with CSV File" time="0.0">
    <skipped type="io.cucumber.junit.SkippedThrowable"><![CDATA[io.cucumber.junit.SkippedThrowable: This step is skipped
]]></skipped>
    <system-out><![CDATA[  Then the user verifies Student ID with Student Id in the CSV File                            # com.stepdefinition.TC1_StudentInformationStep.theUserVerifiesStudentIDWithStudentIdInTheCSVFile()
]]></system-out>
  </testcase>
  <testcase name="the user identifies and records the Parent Details in School Admin Dashboard" classname="Verify Student Information in Dashboards with CSV File" time="0.0">
    <skipped type="io.cucumber.junit.SkippedThrowable"><![CDATA[io.cucumber.junit.SkippedThrowable: This step is skipped
]]></skipped>
    <system-out><![CDATA[  And the user identifies and records the Student Details in School Admin Dashboard            # com.stepdefinition.TC1_StudentInformationStep.theUserIdentifiesAndRecordsTheStudentDetailsInSchoolAdminDashboard()
]]></system-out>
  </testcase>
  <testcase name="the user identifies and records the Class Details in School Admin Dashboard" classname="Verify Student Information in Dashboards with CSV File" time="0.0">
    <skipped type="io.cucumber.junit.SkippedThrowable"><![CDATA[io.cucumber.junit.SkippedThrowable: This step is skipped
]]></skipped>
    <system-out><![CDATA[  And the user identifies and records the Parent Details in School Admin Dashboard             # com.stepdefinition.TC1_StudentInformationStep.theUserIdentifiesAndRecordsTheParentDetailsInSchoolAdminDashboard()
]]></system-out>
  </testcase>
  <testcase name="the user should verify the Student Details in School Admin Dashboard with CSV File" classname="Verify Student Information in Dashboards with CSV File" time="0.0">
    <skipped type="io.cucumber.junit.SkippedThrowable"><![CDATA[io.cucumber.junit.SkippedThrowable: This step is skipped
]]></skipped>
    <system-out><![CDATA[  And the user identifies and records the Class Details in School Admin Dashboard              # com.stepdefinition.TC1_StudentInformationStep.theUserIdentifiesAndRecordsTheClassDetailsInSchoolAdminDashboard()
]]></system-out>
  </testcase>
  <testcase name="the user should verify the Parent Details in School Admin Dashboard with CSV File" classname="Verify Student Information in Dashboards with CSV File" time="0.0">
    <skipped type="io.cucumber.junit.SkippedThrowable"><![CDATA[io.cucumber.junit.SkippedThrowable: This step is skipped
]]></skipped>
    <system-out><![CDATA[  Then the user should verify the Student Details in School Admin Dashboard with CSV File      # com.stepdefinition.TC1_StudentInformationStep.theUserShouldVerifyTheStudentDetailsInSchoolAdminDashboardWithCSVFile()
]]></system-out>
  </testcase>
  <testcase name="the user should verify the Class Details in School Admin Dashboard with CSV File" classname="Verify Student Information in Dashboards with CSV File" time="0.0">
    <skipped type="io.cucumber.junit.SkippedThrowable"><![CDATA[io.cucumber.junit.SkippedThrowable: This step is skipped
]]></skipped>
    <system-out><![CDATA[  And the user should verify the Parent Details in School Admin Dashboard with CSV File        # com.stepdefinition.TC1_StudentInformationStep.theUserShouldVerifyTheParentDetailsInSchoolAdminDashboardWithCSVFile()
]]></system-out>
  </testcase>
  <testcase name="the user navigates to the Student Details page in the Teacher Dashboard" classname="Verify Student Information in Dashboards with CSV File" time="0.0">
    <skipped type="io.cucumber.junit.SkippedThrowable"><![CDATA[io.cucumber.junit.SkippedThrowable: This step is skipped
]]></skipped>
    <system-out><![CDATA[  And the user should verify the Class Details in School Admin Dashboard with CSV File         # com.stepdefinition.TC1_StudentInformationStep.theUserShouldVerifyTheClassDetailsInSchoolAdminDashboardWithCSVFile()
]]></system-out>
  </testcase>
  <testcase name="the user verifies Student ID in the Teacher Dashboard with Student Id in the CSV File" classname="Verify Student Information in Dashboards with CSV File" time="0.0">
    <skipped type="io.cucumber.junit.SkippedThrowable"><![CDATA[io.cucumber.junit.SkippedThrowable: This step is skipped
]]></skipped>
    <system-out><![CDATA[  When the user navigates to the Student Details page in the Teacher Dashboard                 # com.stepdefinition.TC1_StudentInformationStep.theUserNavigatesToTheStudentDetailsPageInTheTeacherDashboard()
]]></system-out>
  </testcase>
  <testcase name="the user identifies and records the student details in Teacher Dashboard" classname="Verify Student Information in Dashboards with CSV File" time="0.0">
    <skipped type="io.cucumber.junit.SkippedThrowable"><![CDATA[io.cucumber.junit.SkippedThrowable: This step is skipped
]]></skipped>
    <system-out><![CDATA[  Then the user verifies Student ID in the Teacher Dashboard with Student Id in the CSV File   # com.stepdefinition.TC1_StudentInformationStep.theUserVerifiesStudentIDInTheTeacherDashboardWithStudentIdInTheCSVFile()
]]></system-out>
  </testcase>
  <testcase name="the user identifies and records the Parent Details in Teacher Dashboard" classname="Verify Student Information in Dashboards with CSV File" time="0.0">
    <skipped type="io.cucumber.junit.SkippedThrowable"><![CDATA[io.cucumber.junit.SkippedThrowable: This step is skipped
]]></skipped>
    <system-out><![CDATA[  And the user identifies and records the student details in Teacher Dashboard                 # com.stepdefinition.TC1_StudentInformationStep.theUserIdentifiesAndRecordsTheStudentDetailsInTeacherDashboard()
]]></system-out>
  </testcase>
  <testcase name="the user identifies and records the Class Details in Teacher Dashboard" classname="Verify Student Information in Dashboards with CSV File" time="0.0">
    <skipped type="io.cucumber.junit.SkippedThrowable"><![CDATA[io.cucumber.junit.SkippedThrowable: This step is skipped
]]></skipped>
    <system-out><![CDATA[  And the user identifies and records the Parent Details in Teacher Dashboard                  # com.stepdefinition.TC1_StudentInformationStep.theUserIdentifiesAndRecordsTheParentDetailsInTeacherDashboard()
]]></system-out>
  </testcase>
  <testcase name="the user should verify the Student Details in Teacher Dashboard with CSV File" classname="Verify Student Information in Dashboards with CSV File" time="0.0">
    <skipped type="io.cucumber.junit.SkippedThrowable"><![CDATA[io.cucumber.junit.SkippedThrowable: This step is skipped
]]></skipped>
    <system-out><![CDATA[  And the user identifies and records the Class Details in Teacher Dashboard                   # com.stepdefinition.TC1_StudentInformationStep.theUserIdentifiesAndRecordsTheClassDetailsInTeacherDashboard()
]]></system-out>
  </testcase>
  <testcase name="the user should verify the Parent Details in Teacher Dashboard with CSV File" classname="Verify Student Information in Dashboards with CSV File" time="0.0">
    <skipped type="io.cucumber.junit.SkippedThrowable"><![CDATA[io.cucumber.junit.SkippedThrowable: This step is skipped
]]></skipped>
    <system-out><![CDATA[  Then the user should verify the Student Details in Teacher Dashboard with CSV File           # com.stepdefinition.TC1_StudentInformationStep.theUserShouldVerifyTheStudentDetailsInTeacherDashboardWithCSVFile()
]]></system-out>
  </testcase>
  <testcase name="the user should verify the Class Details in Teacher Dashboard with CSV File" classname="Verify Student Information in Dashboards with CSV File" time="0.0">
    <skipped type="io.cucumber.junit.SkippedThrowable"><![CDATA[io.cucumber.junit.SkippedThrowable: This step is skipped
]]></skipped>
    <system-out><![CDATA[  And the user should verify the Parent Details in Teacher Dashboard with CSV File             # com.stepdefinition.TC1_StudentInformationStep.theUserShouldVerifyTheParentDetailsInTeacherDashboardWithCSVFile()
]]></system-out>
  </testcase>
  <testcase name="the user navigates to the Student Page of Principal Dashboard" classname="Verify Student Information in Dashboards with CSV File" time="0.0">
    <skipped type="io.cucumber.junit.SkippedThrowable"><![CDATA[io.cucumber.junit.SkippedThrowable: This step is skipped
]]></skipped>
    <system-out><![CDATA[  And the user should verify the Class Details in Teacher Dashboard with CSV File              # com.stepdefinition.TC1_StudentInformationStep.theUserShouldVerifyTheClassDetailsInTeacherDashboardWithCSVFile()
]]></system-out>
  </testcase>
  <testcase name="the user verifies Student ID in the Principal Dashboard with Student Id in the CSV File" classname="Verify Student Information in Dashboards with CSV File" time="0.0">
    <skipped type="io.cucumber.junit.SkippedThrowable"><![CDATA[io.cucumber.junit.SkippedThrowable: This step is skipped
]]></skipped>
    <system-out><![CDATA[  When the user navigates to the Student Page of Principal Dashboard                           # com.stepdefinition.TC1_StudentInformationStep.theUserNavigatesToTheStudentPageOfPrincipalDashboard()
]]></system-out>
  </testcase>
  <testcase name="the user identifies and records the student details in Principal Dashboard" classname="Verify Student Information in Dashboards with CSV File" time="0.0">
    <skipped type="io.cucumber.junit.SkippedThrowable"><![CDATA[io.cucumber.junit.SkippedThrowable: This step is skipped
]]></skipped>
    <system-out><![CDATA[  Then the user verifies Student ID in the Principal Dashboard with Student Id in the CSV File # com.stepdefinition.TC1_StudentInformationStep.theUserVerifiesStudentIDInThePrincipalDashboardWithStudentIdInTheCSVFile()
]]></system-out>
  </testcase>
  <testcase name="the user identifies and records the Parent Details in Principal Dashboard" classname="Verify Student Information in Dashboards with CSV File" time="0.0">
    <skipped type="io.cucumber.junit.SkippedThrowable"><![CDATA[io.cucumber.junit.SkippedThrowable: This step is skipped
]]></skipped>
    <system-out><![CDATA[  And the user identifies and records the student details in Principal Dashboard               # com.stepdefinition.TC1_StudentInformationStep.theUserIdentifiesAndRecordsTheStudentDetailsInPrincipalDashboard()
]]></system-out>
  </testcase>
  <testcase name="the user identifies and records the Class Details in Principal Dashboard" classname="Verify Student Information in Dashboards with CSV File" time="0.0">
    <skipped type="io.cucumber.junit.SkippedThrowable"><![CDATA[io.cucumber.junit.SkippedThrowable: This step is skipped
]]></skipped>
    <system-out><![CDATA[  And the user identifies and records the Parent Details in Principal Dashboard                # com.stepdefinition.TC1_StudentInformationStep.theUserIdentifiesAndRecordsTheParentDetailsInPrincipalDashboard()
]]></system-out>
  </testcase>
  <testcase name="the user should verify the Student Details in Principal Dashboard with CSV File" classname="Verify Student Information in Dashboards with CSV File" time="0.0">
    <skipped type="io.cucumber.junit.SkippedThrowable"><![CDATA[io.cucumber.junit.SkippedThrowable: This step is skipped
]]></skipped>
    <system-out><![CDATA[  And the user identifies and records the Class Details in Principal Dashboard                 # com.stepdefinition.TC1_StudentInformationStep.theUserIdentifiesAndRecordsTheClassDetailsInPrincipalDashboard()
]]></system-out>
  </testcase>
  <testcase name="the user should verify the Parent Details in Principal Dashboard with CSV File" classname="Verify Student Information in Dashboards with CSV File" time="0.0">
    <skipped type="io.cucumber.junit.SkippedThrowable"><![CDATA[io.cucumber.junit.SkippedThrowable: This step is skipped
]]></skipped>
    <system-out><![CDATA[  Then the user should verify the Student Details in Principal Dashboard with CSV File         # com.stepdefinition.TC1_StudentInformationStep.theUserShouldVerifyTheStudentDetailsInPrincipalDashboardWithCSVFile()
]]></system-out>
  </testcase>
  <testcase name="the user should verify the Class Details in Principal Dashboard with CSV File" classname="Verify Student Information in Dashboards with CSV File" time="0.0">
    <skipped type="io.cucumber.junit.SkippedThrowable"><![CDATA[io.cucumber.junit.SkippedThrowable: This step is skipped
]]></skipped>
    <system-out><![CDATA[  And the user should verify the Parent Details in Principal Dashboard with CSV File           # com.stepdefinition.TC1_StudentInformationStep.theUserShouldVerifyTheParentDetailsInPrincipalDashboardWithCSVFile()
]]></system-out>
  </testcase>
  <testcase name="Verify Student Information in Dashboards with CSV File" classname="Verify Student Details, Parent Details, Class Details in Dashboards with CSV File" time="0.023">
    <failure message="Multiple Failures (2 failures)&#10;	java.lang.Error: Unresolved compilation problem: &#10;	Cannot switch on a value of type String for source level below 1.7. Only convertible int values or enum variables are permitted&#10;&#10;	java.lang.NullPointerException: Cannot invoke &quot;org.openqa.selenium.TakesScreenshot.getScreenshotAs(org.openqa.selenium.OutputType)&quot; because &quot;ts&quot; is null" type="org.opentest4j.MultipleFailuresError"><![CDATA[org.opentest4j.MultipleFailuresError: 
Multiple Failures (2 failures)
	java.lang.Error: Unresolved compilation problem: 
	Cannot switch on a value of type String for source level below 1.7. Only convertible int values or enum variables are permitted

	java.lang.NullPointerException: Cannot invoke "org.openqa.selenium.TakesScreenshot.getScreenshotAs(org.openqa.selenium.OutputType)" because "ts" is null
	at org.junit.vintage.engine.execution.TestRun.getStoredResultOrSuccessful(TestRun.java:200)
	at org.junit.vintage.engine.execution.RunListenerAdapter.fireExecutionFinished(RunListenerAdapter.java:248)
	at org.junit.vintage.engine.execution.RunListenerAdapter.testFinished(RunListenerAdapter.java:214)
	at org.junit.vintage.engine.execution.RunListenerAdapter.testFinished(RunListenerAdapter.java:88)
	at org.junit.runner.notification.SynchronizedRunListener.testFinished(SynchronizedRunListener.java:87)
	at org.junit.runner.notification.RunNotifier$9.notifyListener(RunNotifier.java:225)
	at org.junit.runner.notification.RunNotifier$SafeNotifier.run(RunNotifier.java:72)
	at org.junit.runner.notification.RunNotifier.fireTestFinished(RunNotifier.java:222)
	at io.cucumber.junit.FeatureRunner.runChild(FeatureRunner.java:150)
	at io.cucumber.junit.FeatureRunner.runChild(FeatureRunner.java:28)
	at org.junit.runners.ParentRunner$4.run(ParentRunner.java:331)
	at org.junit.runners.ParentRunner$1.schedule(ParentRunner.java:79)
	at org.junit.runners.ParentRunner.runChildren(ParentRunner.java:329)
	at org.junit.runners.ParentRunner.access$100(ParentRunner.java:66)
	at org.junit.runners.ParentRunner$2.evaluate(ParentRunner.java:293)
	at org.junit.runners.ParentRunner$3.evaluate(ParentRunner.java:306)
	at org.junit.runners.ParentRunner.run(ParentRunner.java:413)
	at io.cucumber.junit.FeatureRunner.run(FeatureRunner.java:137)
	at io.cucumber.junit.Cucumber.runChild(Cucumber.java:196)
	at io.cucumber.junit.Cucumber.runChild(Cucumber.java:89)
	at org.junit.runners.ParentRunner$4.run(ParentRunner.java:331)
	at org.junit.runners.ParentRunner$1.schedule(ParentRunner.java:79)
	at org.junit.runners.ParentRunner.runChildren(ParentRunner.java:329)
	at org.junit.runners.ParentRunner.access$100(ParentRunner.java:66)
	at org.junit.runners.ParentRunner$2.evaluate(ParentRunner.java:293)
	at io.cucumber.core.runtime.CucumberExecutionContext.lambda$runFeatures$6(CucumberExecutionContext.java:148)
	at io.cucumber.core.runtime.CucumberExecutionContext.execute(CucumberExecutionContext.java:163)
	at io.cucumber.core.runtime.CucumberExecutionContext.runFeatures(CucumberExecutionContext.java:146)
	at io.cucumber.junit.Cucumber$StartAndFinishTestRun.evaluate(Cucumber.java:226)
	at org.junit.internal.runners.statements.RunAfters.evaluate(RunAfters.java:27)
	at org.junit.runners.ParentRunner$3.evaluate(ParentRunner.java:306)
	at org.junit.runners.ParentRunner.run(ParentRunner.java:413)
	at org.junit.runner.JUnitCore.run(JUnitCore.java:137)
	at org.junit.runner.JUnitCore.run(JUnitCore.java:115)
	at org.junit.vintage.engine.execution.RunnerExecutor.execute(RunnerExecutor.java:42)
	at org.junit.vintage.engine.VintageTestEngine.executeAllChildren(VintageTestEngine.java:80)
	at org.junit.vintage.engine.VintageTestEngine.execute(VintageTestEngine.java:72)
	at org.junit.platform.launcher.core.EngineExecutionOrchestrator.execute(EngineExecutionOrchestrator.java:147)
	at org.junit.platform.launcher.core.EngineExecutionOrchestrator.execute(EngineExecutionOrchestrator.java:127)
	at org.junit.platform.launcher.core.EngineExecutionOrchestrator.execute(EngineExecutionOrchestrator.java:90)
	at org.junit.platform.launcher.core.EngineExecutionOrchestrator.lambda$execute$0(EngineExecutionOrchestrator.java:55)
	at org.junit.platform.launcher.core.EngineExecutionOrchestrator.withInterceptedStreams(EngineExecutionOrchestrator.java:102)
	at org.junit.platform.launcher.core.EngineExecutionOrchestrator.execute(EngineExecutionOrchestrator.java:54)
	at org.junit.platform.launcher.core.DefaultLauncher.execute(DefaultLauncher.java:114)
	at org.junit.platform.launcher.core.DefaultLauncher.execute(DefaultLauncher.java:86)
	at org.junit.platform.launcher.core.DefaultLauncherSession$DelegatingLauncher.execute(DefaultLauncherSession.java:86)
	at org.apache.maven.surefire.junitplatform.LazyLauncher.execute(LazyLauncher.java:56)
	at org.apache.maven.surefire.junitplatform.JUnitPlatformProvider.execute(JUnitPlatformProvider.java:184)
	at org.apache.maven.surefire.junitplatform.JUnitPlatformProvider.invokeAllTests(JUnitPlatformProvider.java:148)
	at org.apache.maven.surefire.junitplatform.JUnitPlatformProvider.invoke(JUnitPlatformProvider.java:122)
	at org.apache.maven.surefire.booter.ForkedBooter.runSuitesInProcess(ForkedBooter.java:385)
	at org.apache.maven.surefire.booter.ForkedBooter.execute(ForkedBooter.java:162)
	at org.apache.maven.surefire.booter.ForkedBooter.run(ForkedBooter.java:507)
	at org.apache.maven.surefire.booter.ForkedBooter.main(ForkedBooter.java:495)
	Suppressed: java.lang.Error: Unresolved compilation problem: 
	Cannot switch on a value of type String for source level below 1.7. Only convertible int values or enum variables are permitted

		at com.base.BaseClass.getDriver(BaseClass.java:366)
		at com.stepdefinition.HooksClass.beforeScenario(HooksClass.java:21)
	Suppressed: java.lang.NullPointerException: Cannot invoke "org.openqa.selenium.TakesScreenshot.getScreenshotAs(org.openqa.selenium.OutputType)" because "ts" is null
		at com.base.BaseClass.Screenshot(BaseClass.java:432)
		at com.stepdefinition.HooksClass.afterScenario(HooksClass.java:31)
]]></failure>
    <system-out><![CDATA[  And the user should verify the Class Details in Principal Dashboard with CSV File            # com.stepdefinition.TC1_StudentInformationStep.theUserShouldVerifyTheClassDetailsInPrincipalDashboardWithCSVFile()
      java.lang.NullPointerException: Cannot invoke "org.openqa.selenium.TakesScreenshot.getScreenshotAs(org.openqa.selenium.OutputType)" because "ts" is null
	at com.base.BaseClass.Screenshot(BaseClass.java:432)
	at com.stepdefinition.HooksClass.afterScenario(HooksClass.java:31)

]]></system-out>
  </testcase>
  <testcase name="" classname="com.runner.TestRunner" time="4.815">
    <error message="javax.mail.MessagingException: IOException while sending message;&#10;  nested exception is:&#10;	java.io.FileNotFoundException: /Users/mullai/eclipse-workspace/GreatifyWebAutomation/test-output/SparkReport/Index.html (No such file or directory)" type="java.lang.RuntimeException"><![CDATA[java.lang.RuntimeException: 
javax.mail.MessagingException: IOException while sending message;
  nested exception is:
	java.io.FileNotFoundException: /Users/mullai/eclipse-workspace/GreatifyWebAutomation/test-output/SparkReport/Index.html (No such file or directory)
	at com.pages.EmailReport.main(EmailReport.java:146)
	at com.runner.TestRunner.afterClass(TestRunner.java:25)
	at java.base/jdk.internal.reflect.NativeMethodAccessorImpl.invoke0(Native Method)
	at java.base/jdk.internal.reflect.NativeMethodAccessorImpl.invoke(NativeMethodAccessorImpl.java:77)
	at java.base/jdk.internal.reflect.DelegatingMethodAccessorImpl.invoke(DelegatingMethodAccessorImpl.java:43)
	at java.base/java.lang.reflect.Method.invoke(Method.java:568)
	at org.junit.runners.model.FrameworkMethod$1.runReflectiveCall(FrameworkMethod.java:59)
	at org.junit.internal.runners.model.ReflectiveCallable.run(ReflectiveCallable.java:12)
	at org.junit.runners.model.FrameworkMethod.invokeExplosively(FrameworkMethod.java:56)
	at org.junit.internal.runners.statements.RunAfters.invokeMethod(RunAfters.java:46)
	at org.junit.internal.runners.statements.RunAfters.evaluate(RunAfters.java:33)
	at org.junit.runners.ParentRunner$3.evaluate(ParentRunner.java:306)
	at org.junit.runners.ParentRunner.run(ParentRunner.java:413)
	at org.junit.runner.JUnitCore.run(JUnitCore.java:137)
	at org.junit.runner.JUnitCore.run(JUnitCore.java:115)
	at org.junit.vintage.engine.execution.RunnerExecutor.execute(RunnerExecutor.java:42)
	at org.junit.vintage.engine.VintageTestEngine.executeAllChildren(VintageTestEngine.java:80)
	at org.junit.vintage.engine.VintageTestEngine.execute(VintageTestEngine.java:72)
	at org.junit.platform.launcher.core.EngineExecutionOrchestrator.execute(EngineExecutionOrchestrator.java:147)
	at org.junit.platform.launcher.core.EngineExecutionOrchestrator.execute(EngineExecutionOrchestrator.java:127)
	at org.junit.platform.launcher.core.EngineExecutionOrchestrator.execute(EngineExecutionOrchestrator.java:90)
	at org.junit.platform.launcher.core.EngineExecutionOrchestrator.lambda$execute$0(EngineExecutionOrchestrator.java:55)
	at org.junit.platform.launcher.core.EngineExecutionOrchestrator.withInterceptedStreams(EngineExecutionOrchestrator.java:102)
	at org.junit.platform.launcher.core.EngineExecutionOrchestrator.execute(EngineExecutionOrchestrator.java:54)
	at org.junit.platform.launcher.core.DefaultLauncher.execute(DefaultLauncher.java:114)
	at org.junit.platform.launcher.core.DefaultLauncher.execute(DefaultLauncher.java:86)
	at org.junit.platform.launcher.core.DefaultLauncherSession$DelegatingLauncher.execute(DefaultLauncherSession.java:86)
	at org.apache.maven.surefire.junitplatform.LazyLauncher.execute(LazyLauncher.java:56)
	at org.apache.maven.surefire.junitplatform.JUnitPlatformProvider.execute(JUnitPlatformProvider.java:184)
	at org.apache.maven.surefire.junitplatform.JUnitPlatformProvider.invokeAllTests(JUnitPlatformProvider.java:148)
	at org.apache.maven.surefire.junitplatform.JUnitPlatformProvider.invoke(JUnitPlatformProvider.java:122)
	at org.apache.maven.surefire.booter.ForkedBooter.runSuitesInProcess(ForkedBooter.java:385)
	at org.apache.maven.surefire.booter.ForkedBooter.execute(ForkedBooter.java:162)
	at org.apache.maven.surefire.booter.ForkedBooter.run(ForkedBooter.java:507)
	at org.apache.maven.surefire.booter.ForkedBooter.main(ForkedBooter.java:495)
Caused by: javax.mail.MessagingException: IOException while sending message;
  nested exception is:
	java.io.FileNotFoundException: /Users/mullai/eclipse-workspace/GreatifyWebAutomation/test-output/SparkReport/Index.html (No such file or directory)
	at com.sun.mail.smtp.SMTPTransport.sendMessage(SMTPTransport.java:1365)
	at javax.mail.Transport.send0(Transport.java:255)
	at javax.mail.Transport.send(Transport.java:124)
	at com.pages.EmailReport.main(EmailReport.java:140)
	... 34 more
Caused by: java.io.FileNotFoundException: /Users/mullai/eclipse-workspace/GreatifyWebAutomation/test-output/SparkReport/Index.html (No such file or directory)
	at java.base/java.io.FileInputStream.open0(Native Method)
	at java.base/java.io.FileInputStream.open(FileInputStream.java:216)
	at java.base/java.io.FileInputStream.<init>(FileInputStream.java:157)
	at javax.activation.FileDataSource.getInputStream(FileDataSource.java:97)
	at javax.activation.DataHandler.writeTo(DataHandler.java:304)
	at javax.mail.internet.MimeBodyPart.writeTo(MimeBodyPart.java:1694)
	at javax.mail.internet.MimeBodyPart.writeTo(MimeBodyPart.java:996)
	at javax.mail.internet.MimeMultipart.writeTo(MimeMultipart.java:561)
	at com.sun.mail.handlers.multipart_mixed.writeTo(multipart_mixed.java:84)
	at javax.activation.ObjectDataContentHandler.writeTo(DataHandler.java:883)
	at javax.activation.DataHandler.writeTo(DataHandler.java:316)
	at javax.mail.internet.MimeBodyPart.writeTo(MimeBodyPart.java:1694)
	at javax.mail.internet.MimeMessage.writeTo(MimeMessage.java:1913)
	at com.sun.mail.smtp.SMTPTransport.sendMessage(SMTPTransport.java:1315)
	... 37 more
]]></error>
    <system-err><![CDATA[javax.net.ssl|DEBUG|10|main|2024-01-09 13:04:46.788 IST|SSLCipher.java:466|jdk.tls.keyLimits:  entry = AES/GCM/NoPadding KeyUpdate 2^37. AES/GCM/NOPADDING:KEYUPDATE = 137438953472
javax.net.ssl|DEBUG|10|main|2024-01-09 13:04:46.794 IST|SSLCipher.java:466|jdk.tls.keyLimits:  entry =  ChaCha20-Poly1305 KeyUpdate 2^37. CHACHA20-POLY1305:KEYUPDATE = 137438953472
javax.net.ssl|DEBUG|10|main|2024-01-09 13:04:47.100 IST|SSLCipher.java:1870|KeyLimit read side: algorithm = AES/GCM/NOPADDING:KEYUPDATE
countdown value = 137438953472
javax.net.ssl|DEBUG|10|main|2024-01-09 13:04:47.101 IST|SSLCipher.java:2024|KeyLimit write side: algorithm = AES/GCM/NOPADDING:KEYUPDATE
countdown value = 137438953472
javax.net.ssl|DEBUG|10|main|2024-01-09 13:04:47.232 IST|SSLCipher.java:1870|KeyLimit read side: algorithm = AES/GCM/NOPADDING:KEYUPDATE
countdown value = 137438953472
javax.net.ssl|DEBUG|10|main|2024-01-09 13:04:47.239 IST|SSLCipher.java:2024|KeyLimit write side: algorithm = AES/GCM/NOPADDING:KEYUPDATE
countdown value = 137438953472
javax.net.ssl|DEBUG|10|main|2024-01-09 13:04:49.606 IST|SSLSocketImpl.java:577|duplex close of SSLSocket
javax.net.ssl|DEBUG|10|main|2024-01-09 13:04:49.614 IST|SSLSocketImpl.java:1785|close the SSL connection (passive)
]]></system-err>
  </testcase>
</testsuite>